2025-04-18 22:17:46,029 - INFO - Training model using data from 2025-04-11 21:07:46.029083 to 2025-04-18 21:07:46.029083
2025-04-18 22:17:58,283 - INFO - Best model parameters: {'class_weight': None, 'max_depth': 5, 'min_samples_split': 20, 'n_estimators': 100}
2025-04-18 22:17:58,643 - INFO - Training completed - Accuracy: 70.45%
2025-04-18 22:17:58,644 - INFO - Making live prediction...
2025-04-18 22:17:58,942 - INFO - [2025-04-18 21:17:58] Prediction: DOWN | Confidence: 0.57
2025-04-18 22:17:58,943 - INFO - Making live prediction...
2025-04-18 22:17:59,352 - INFO - [2025-04-18 21:17:59] Prediction: DOWN | Confidence: 0.57
2025-04-18 22:17:59,353 - INFO - Making live prediction...
2025-04-18 22:17:59,682 - INFO - [2025-04-18 21:17:59] Prediction: DOWN | Confidence: 0.57
2025-04-18 22:17:59,682 - INFO - Making live prediction...
2025-04-18 22:17:59,988 - INFO - [2025-04-18 21:17:59] Prediction: DOWN | Confidence: 0.57
2025-04-18 22:17:59,988 - INFO - Making live prediction...
2025-04-18 22:18:00,287 - INFO - [2025-04-18 21:18:00] Prediction: DOWN | Confidence: 0.57
2025-04-18 22:18:00,287 - INFO - Making live prediction...
2025-04-18 22:18:00,654 - INFO - [2025-04-18 21:18:00] Prediction: DOWN | Confidence: 0.57
2025-04-18 22:18:00,654 - INFO - Making live prediction...
2025-04-18 22:18:01,133 - INFO - [2025-04-18 21:18:01] Prediction: DOWN | Confidence: 0.57
2025-04-18 22:18:01,134 - INFO - Making live prediction...
2025-04-18 22:18:01,505 - INFO - [2025-04-18 21:18:01] Prediction: DOWN | Confidence: 0.57
2025-04-18 22:18:01,505 - INFO - Making live prediction...
2025-04-18 22:18:02,059 - INFO - [2025-04-18 21:18:02] Prediction: DOWN | Confidence: 0.57
2025-04-18 22:18:02,060 - INFO - Making live prediction...
2025-04-18 22:18:02,556 - INFO - [2025-04-18 21:18:02] Prediction: DOWN | Confidence: 0.57
2025-04-18 22:18:02,556 - INFO - Making live prediction...
2025-04-18 22:18:03,217 - INFO - [2025-04-18 21:18:03] Prediction: DOWN | Confidence: 0.57
2025-04-18 22:18:03,217 - INFO - Making live prediction...
2025-04-18 22:18:03,564 - INFO - [2025-04-18 21:18:03] Prediction: DOWN | Confidence: 0.57
2025-04-18 22:18:03,565 - INFO - Making live prediction...
2025-04-18 22:18:03,871 - INFO - [2025-04-18 21:18:03] Prediction: DOWN | Confidence: 0.57
2025-04-18 22:18:03,872 - INFO - Making live prediction...
2025-04-18 22:18:04,191 - INFO - [2025-04-18 21:18:04] Prediction: DOWN | Confidence: 0.57
2025-04-18 22:18:04,191 - INFO - Making live prediction...
2025-04-18 22:18:04,471 - INFO - [2025-04-18 21:18:04] Prediction: DOWN | Confidence: 0.57
2025-04-18 22:18:04,472 - INFO - Making live prediction...
2025-04-18 22:18:04,755 - INFO - [2025-04-18 21:18:04] Prediction: DOWN | Confidence: 0.57
2025-04-18 22:18:04,755 - INFO - Making live prediction...
2025-04-18 22:18:05,048 - INFO - [2025-04-18 21:18:05] Prediction: DOWN | Confidence: 0.57
2025-04-18 22:18:05,048 - INFO - Making live prediction...
2025-04-18 22:18:05,333 - INFO - [2025-04-18 21:18:05] Prediction: DOWN | Confidence: 0.57
2025-04-18 22:18:05,333 - INFO - Making live prediction...
2025-04-18 22:18:05,613 - INFO - [2025-04-18 21:18:05] Prediction: DOWN | Confidence: 0.57
2025-04-18 22:18:05,613 - INFO - Making live prediction...
2025-04-18 22:18:05,889 - INFO - [2025-04-18 21:18:05] Prediction: DOWN | Confidence: 0.57
2025-04-18 22:27:09,783 - INFO - Training model using data from 2025-04-11 21:17:09.783895 to 2025-04-18 21:17:09.783895
2025-04-18 22:27:22,251 - INFO - Best model parameters: {'class_weight': None, 'max_depth': 10, 'min_samples_split': 10, 'n_estimators': 100}
2025-04-18 22:27:22,969 - INFO - Training completed - Accuracy: 92.49%
2025-04-18 22:27:22,969 - INFO - Making live prediction...
2025-04-18 22:27:23,262 - INFO - [2025-04-18 21:27:23] Prediction: DOWN | Confidence: 0.71
2025-04-18 22:27:23,263 - INFO - Making live prediction...
2025-04-18 22:27:23,550 - INFO - [2025-04-18 21:27:23] Prediction: DOWN | Confidence: 0.71
2025-04-18 22:27:23,551 - INFO - Making live prediction...
2025-04-18 22:27:23,829 - INFO - [2025-04-18 21:27:23] Prediction: DOWN | Confidence: 0.71
2025-04-18 22:27:23,829 - INFO - Making live prediction...
2025-04-18 22:27:24,144 - INFO - [2025-04-18 21:27:24] Prediction: DOWN | Confidence: 0.71
2025-04-18 22:27:24,144 - INFO - Making live prediction...
2025-04-18 22:27:24,684 - INFO - [2025-04-18 21:27:24] Prediction: DOWN | Confidence: 0.71
2025-04-18 22:27:24,684 - INFO - Making live prediction...
2025-04-18 22:27:25,061 - INFO - [2025-04-18 21:27:25] Prediction: DOWN | Confidence: 0.71
2025-04-18 22:27:25,061 - INFO - Making live prediction...
2025-04-18 22:27:25,353 - INFO - [2025-04-18 21:27:25] Prediction: DOWN | Confidence: 0.71
2025-04-18 22:27:25,353 - INFO - Making live prediction...
2025-04-18 22:27:25,656 - INFO - [2025-04-18 21:27:25] Prediction: DOWN | Confidence: 0.71
2025-04-18 22:27:25,656 - INFO - Making live prediction...
2025-04-18 22:27:25,938 - INFO - [2025-04-18 21:27:25] Prediction: DOWN | Confidence: 0.71
2025-04-18 22:27:25,939 - INFO - Making live prediction...
2025-04-18 22:27:26,214 - INFO - [2025-04-18 21:27:26] Prediction: DOWN | Confidence: 0.71
2025-04-18 22:27:26,214 - INFO - Making live prediction...
2025-04-18 22:27:26,487 - INFO - [2025-04-18 21:27:26] Prediction: DOWN | Confidence: 0.71
2025-04-18 22:27:26,488 - INFO - Making live prediction...
2025-04-18 22:27:26,766 - INFO - [2025-04-18 21:27:26] Prediction: DOWN | Confidence: 0.71
2025-04-18 22:27:26,766 - INFO - Making live prediction...
2025-04-18 22:27:27,036 - INFO - [2025-04-18 21:27:27] Prediction: DOWN | Confidence: 0.71
2025-04-18 22:27:27,036 - INFO - Making live prediction...
2025-04-18 22:27:27,315 - INFO - [2025-04-18 21:27:27] Prediction: DOWN | Confidence: 0.71
2025-04-18 22:27:27,316 - INFO - Making live prediction...
2025-04-18 22:27:27,590 - INFO - [2025-04-18 21:27:27] Prediction: DOWN | Confidence: 0.71
2025-04-18 22:27:27,590 - INFO - Making live prediction...
2025-04-18 22:27:27,984 - INFO - [2025-04-18 21:27:27] Prediction: DOWN | Confidence: 0.71
2025-04-18 22:27:27,985 - INFO - Making live prediction...
2025-04-18 22:27:28,403 - INFO - [2025-04-18 21:27:28] Prediction: DOWN | Confidence: 0.71
2025-04-18 22:27:28,404 - INFO - Making live prediction...
2025-04-18 22:27:28,868 - INFO - [2025-04-18 21:27:28] Prediction: DOWN | Confidence: 0.71
2025-04-18 22:27:28,868 - INFO - Making live prediction...
2025-04-18 22:27:29,319 - INFO - [2025-04-18 21:27:29] Prediction: DOWN | Confidence: 0.71
2025-04-18 22:27:29,319 - INFO - Making live prediction...
2025-04-18 22:27:29,776 - INFO - [2025-04-18 21:27:29] Prediction: DOWN | Confidence: 0.71
2025-04-18 22:36:21,347 - INFO - Training model using data from 2025-04-11 21:26:21.347913 to 2025-04-18 21:26:21.347913
2025-04-18 22:36:32,182 - INFO - Best model parameters: {'class_weight': 'balanced', 'max_depth': 5, 'min_samples_split': 10, 'n_estimators': 50}
2025-04-18 22:36:32,407 - INFO - Training completed - Accuracy: 71.00%
2025-04-18 22:36:32,408 - INFO - Making live prediction...
2025-04-18 22:36:32,740 - INFO - [2025-04-18 21:36:32] Prediction: DOWN | Confidence: 0.62
2025-04-18 22:36:32,743 - INFO - Making live prediction...
2025-04-18 22:36:33,063 - INFO - [2025-04-18 21:36:33] Prediction: DOWN | Confidence: 0.62
2025-04-18 22:36:33,065 - INFO - Making live prediction...
2025-04-18 22:36:33,371 - INFO - [2025-04-18 21:36:33] Prediction: DOWN | Confidence: 0.62
2025-04-18 22:36:33,373 - INFO - Making live prediction...
2025-04-18 22:36:33,678 - INFO - [2025-04-18 21:36:33] Prediction: DOWN | Confidence: 0.62
2025-04-18 22:36:33,679 - INFO - Making live prediction...
2025-04-18 22:36:33,984 - INFO - [2025-04-18 21:36:33] Prediction: DOWN | Confidence: 0.62
2025-04-18 22:36:33,986 - INFO - Making live prediction...
2025-04-18 22:36:34,330 - INFO - [2025-04-18 21:36:34] Prediction: DOWN | Confidence: 0.62
2025-04-18 22:36:34,333 - INFO - Making live prediction...
2025-04-18 22:36:34,636 - INFO - [2025-04-18 21:36:34] Prediction: DOWN | Confidence: 0.62
2025-04-18 22:36:34,638 - INFO - Making live prediction...
2025-04-18 22:36:34,980 - INFO - [2025-04-18 21:36:34] Prediction: DOWN | Confidence: 0.62
2025-04-18 22:36:34,982 - INFO - Making live prediction...
2025-04-18 22:36:35,304 - INFO - [2025-04-18 21:36:35] Prediction: DOWN | Confidence: 0.62
2025-04-18 22:36:35,307 - INFO - Making live prediction...
2025-04-18 22:36:35,656 - INFO - [2025-04-18 21:36:35] Prediction: DOWN | Confidence: 0.62
2025-04-18 22:36:35,657 - INFO - Making live prediction...
2025-04-18 22:36:36,135 - INFO - [2025-04-18 21:36:36] Prediction: DOWN | Confidence: 0.62
2025-04-18 22:36:36,138 - INFO - Making live prediction...
2025-04-18 22:36:36,613 - INFO - [2025-04-18 21:36:36] Prediction: DOWN | Confidence: 0.62
2025-04-18 22:36:36,615 - INFO - Making live prediction...
2025-04-18 22:36:36,945 - INFO - [2025-04-18 21:36:36] Prediction: DOWN | Confidence: 0.62
2025-04-18 22:36:36,947 - INFO - Making live prediction...
2025-04-18 22:36:37,285 - INFO - [2025-04-18 21:36:37] Prediction: DOWN | Confidence: 0.62
2025-04-18 22:36:37,287 - INFO - Making live prediction...
2025-04-18 22:36:37,588 - INFO - [2025-04-18 21:36:37] Prediction: DOWN | Confidence: 0.62
2025-04-18 22:36:37,590 - INFO - Making live prediction...
2025-04-18 22:36:37,939 - INFO - [2025-04-18 21:36:37] Prediction: DOWN | Confidence: 0.62
2025-04-18 22:36:37,943 - INFO - Making live prediction...
2025-04-18 22:36:38,256 - INFO - [2025-04-18 21:36:38] Prediction: DOWN | Confidence: 0.62
2025-04-18 22:36:38,258 - INFO - Making live prediction...
2025-04-18 22:36:38,561 - INFO - [2025-04-18 21:36:38] Prediction: DOWN | Confidence: 0.62
2025-04-18 22:36:38,562 - INFO - Making live prediction...
2025-04-18 22:36:38,880 - INFO - [2025-04-18 21:36:38] Prediction: DOWN | Confidence: 0.62
2025-04-18 22:36:38,883 - INFO - Making live prediction...
2025-04-18 22:36:39,197 - INFO - [2025-04-18 21:36:39] Prediction: DOWN | Confidence: 0.62
2025-04-18 22:52:58,097 - INFO - Training model using data from 2025-04-11 21:42:58.097051 to 2025-04-18 21:42:58.097051
2025-04-18 22:53:07,197 - INFO - Best model parameters: {'class_weight': 'balanced', 'max_depth': 5, 'min_samples_split': 20, 'n_estimators': 50}
2025-04-18 22:53:07,486 - INFO - Training completed - Accuracy: 70.20%
2025-04-18 22:53:07,490 - INFO - Making live prediction...
2025-04-18 22:53:07,803 - INFO - [2025-04-18 21:53:07] Prediction: UP | Confidence: 0.51
2025-04-18 22:53:07,810 - INFO - Making live prediction...
2025-04-18 22:53:08,099 - INFO - [2025-04-18 21:53:08] Prediction: UP | Confidence: 0.51
2025-04-18 22:53:08,102 - INFO - Making live prediction...
2025-04-18 22:53:08,414 - INFO - [2025-04-18 21:53:08] Prediction: UP | Confidence: 0.51
2025-04-18 22:53:08,416 - INFO - Making live prediction...
2025-04-18 22:53:08,708 - INFO - [2025-04-18 21:53:08] Prediction: UP | Confidence: 0.51
2025-04-18 22:53:08,712 - INFO - Making live prediction...
2025-04-18 22:53:09,006 - INFO - [2025-04-18 21:53:09] Prediction: UP | Confidence: 0.51
2025-04-18 22:53:09,008 - INFO - Making live prediction...
2025-04-18 22:53:09,300 - INFO - [2025-04-18 21:53:09] Prediction: UP | Confidence: 0.51
2025-04-18 22:53:09,303 - INFO - Making live prediction...
2025-04-18 22:53:09,772 - INFO - [2025-04-18 21:53:09] Prediction: UP | Confidence: 0.51
2025-04-18 22:53:09,774 - INFO - Making live prediction...
2025-04-18 22:53:10,075 - INFO - [2025-04-18 21:53:10] Prediction: UP | Confidence: 0.51
2025-04-18 22:53:10,078 - INFO - Making live prediction...
2025-04-18 22:53:10,377 - INFO - [2025-04-18 21:53:10] Prediction: UP | Confidence: 0.51
2025-04-18 22:53:10,381 - INFO - Making live prediction...
2025-04-18 22:53:10,681 - INFO - [2025-04-18 21:53:10] Prediction: UP | Confidence: 0.51
2025-04-18 22:53:10,685 - INFO - Making live prediction...
2025-04-18 22:53:10,978 - INFO - [2025-04-18 21:53:10] Prediction: UP | Confidence: 0.51
2025-04-18 22:53:10,982 - INFO - Making live prediction...
2025-04-18 22:53:11,285 - INFO - [2025-04-18 21:53:11] Prediction: UP | Confidence: 0.51
2025-04-18 22:53:11,288 - INFO - Making live prediction...
2025-04-18 22:53:11,593 - INFO - [2025-04-18 21:53:11] Prediction: UP | Confidence: 0.51
2025-04-18 22:53:11,597 - INFO - Making live prediction...
2025-04-18 22:53:11,909 - INFO - [2025-04-18 21:53:11] Prediction: UP | Confidence: 0.51
2025-04-18 22:53:11,912 - INFO - Making live prediction...
2025-04-18 22:53:12,207 - INFO - [2025-04-18 21:53:12] Prediction: UP | Confidence: 0.51
2025-04-18 22:53:12,208 - INFO - Making live prediction...
2025-04-18 22:53:12,499 - INFO - [2025-04-18 21:53:12] Prediction: UP | Confidence: 0.51
2025-04-18 22:53:12,503 - INFO - Making live prediction...
2025-04-18 22:53:12,818 - INFO - [2025-04-18 21:53:12] Prediction: UP | Confidence: 0.51
2025-04-18 22:53:12,821 - INFO - Making live prediction...
2025-04-18 22:53:13,129 - INFO - [2025-04-18 21:53:13] Prediction: UP | Confidence: 0.51
2025-04-18 22:53:13,133 - INFO - Making live prediction...
2025-04-18 22:53:13,416 - INFO - [2025-04-18 21:53:13] Prediction: UP | Confidence: 0.51
2025-04-18 22:53:13,420 - INFO - Making live prediction...
2025-04-18 22:53:13,709 - INFO - [2025-04-18 21:53:13] Prediction: UP | Confidence: 0.51
2025-04-18 23:10:17,571 - INFO - Training model using data from 2025-04-11 22:00:17.571360 to 2025-04-18 22:00:17.571360
2025-04-18 23:10:29,194 - INFO - Best model parameters: {'class_weight': 'balanced', 'max_depth': 5, 'min_samples_split': 10, 'n_estimators': 50}
2025-04-18 23:10:29,577 - INFO - Training completed - Accuracy: 71.29%
2025-04-18 23:10:29,579 - INFO - Making live prediction...
2025-04-18 23:10:30,185 - INFO - [2025-04-18 22:10:30] Prediction: UP | Confidence: 0.52
2025-04-18 23:10:30,187 - INFO - Making live prediction...
2025-04-18 23:10:30,864 - INFO - [2025-04-18 22:10:30] Prediction: UP | Confidence: 0.52
2025-04-18 23:10:30,866 - INFO - Making live prediction...
2025-04-18 23:10:31,575 - INFO - [2025-04-18 22:10:31] Prediction: UP | Confidence: 0.52
2025-04-18 23:10:31,577 - INFO - Making live prediction...
2025-04-18 23:10:32,212 - INFO - [2025-04-18 22:10:32] Prediction: UP | Confidence: 0.52
2025-04-18 23:10:32,214 - INFO - Making live prediction...
2025-04-18 23:10:32,702 - INFO - [2025-04-18 22:10:32] Prediction: UP | Confidence: 0.52
2025-04-18 23:10:32,703 - INFO - Making live prediction...
2025-04-18 23:10:33,348 - INFO - [2025-04-18 22:10:33] Prediction: UP | Confidence: 0.52
2025-04-18 23:10:33,350 - INFO - Making live prediction...
2025-04-18 23:10:33,879 - INFO - [2025-04-18 22:10:33] Prediction: UP | Confidence: 0.52
2025-04-18 23:10:33,881 - INFO - Making live prediction...
2025-04-18 23:10:34,396 - INFO - [2025-04-18 22:10:34] Prediction: UP | Confidence: 0.52
2025-04-18 23:10:34,397 - INFO - Making live prediction...
2025-04-18 23:10:34,851 - INFO - [2025-04-18 22:10:34] Prediction: UP | Confidence: 0.52
2025-04-18 23:10:34,852 - INFO - Making live prediction...
2025-04-18 23:10:35,283 - INFO - [2025-04-18 22:10:35] Prediction: UP | Confidence: 0.52
2025-04-18 23:10:35,285 - INFO - Making live prediction...
2025-04-18 23:10:35,705 - INFO - [2025-04-18 22:10:35] Prediction: UP | Confidence: 0.52
2025-04-18 23:10:35,707 - INFO - Making live prediction...
2025-04-18 23:10:36,131 - INFO - [2025-04-18 22:10:36] Prediction: UP | Confidence: 0.52
2025-04-18 23:10:36,132 - INFO - Making live prediction...
2025-04-18 23:10:36,521 - INFO - [2025-04-18 22:10:36] Prediction: UP | Confidence: 0.52
2025-04-18 23:10:36,523 - INFO - Making live prediction...
2025-04-18 23:10:36,877 - INFO - [2025-04-18 22:10:36] Prediction: UP | Confidence: 0.52
2025-04-18 23:10:36,879 - INFO - Making live prediction...
2025-04-18 23:10:37,224 - INFO - [2025-04-18 22:10:37] Prediction: UP | Confidence: 0.52
2025-04-18 23:10:37,226 - INFO - Making live prediction...
2025-04-18 23:10:37,558 - INFO - [2025-04-18 22:10:37] Prediction: UP | Confidence: 0.52
2025-04-18 23:10:37,559 - INFO - Making live prediction...
2025-04-18 23:10:37,882 - INFO - [2025-04-18 22:10:37] Prediction: UP | Confidence: 0.52
2025-04-18 23:10:37,883 - INFO - Making live prediction...
2025-04-18 23:10:38,219 - INFO - [2025-04-18 22:10:38] Prediction: UP | Confidence: 0.52
2025-04-18 23:10:38,220 - INFO - Making live prediction...
2025-04-18 23:10:38,552 - INFO - [2025-04-18 22:10:38] Prediction: UP | Confidence: 0.52
2025-04-18 23:10:38,553 - INFO - Making live prediction...
2025-04-18 23:10:38,874 - INFO - [2025-04-18 22:10:38] Prediction: UP | Confidence: 0.52
2025-04-18 23:24:43,271 - INFO - Training model using data from 2025-04-11 22:14:43.271195 to 2025-04-18 22:14:43.271195
2025-04-18 23:24:56,504 - INFO - Best model parameters: {'class_weight': 'balanced', 'max_depth': 10, 'min_samples_split': 20, 'n_estimators': 100}
2025-04-18 23:24:57,148 - INFO - Training completed - Accuracy: 91.04%
2025-04-18 23:24:57,149 - INFO - Making live prediction...
2025-04-18 23:24:57,449 - INFO - [2025-04-18 22:24:57] Prediction: UP | Confidence: 0.52
2025-04-18 23:24:57,451 - INFO - Making live prediction...
2025-04-18 23:24:57,769 - INFO - [2025-04-18 22:24:57] Prediction: UP | Confidence: 0.52
2025-04-18 23:24:57,773 - INFO - Making live prediction...
2025-04-18 23:24:58,337 - INFO - [2025-04-18 22:24:58] Prediction: UP | Confidence: 0.52
2025-04-18 23:24:58,341 - INFO - Making live prediction...
2025-04-18 23:24:58,647 - INFO - [2025-04-18 22:24:58] Prediction: UP | Confidence: 0.52
2025-04-18 23:24:58,650 - INFO - Making live prediction...
2025-04-18 23:24:58,976 - INFO - [2025-04-18 22:24:58] Prediction: UP | Confidence: 0.52
2025-04-18 23:24:58,980 - INFO - Making live prediction...
2025-04-18 23:24:59,278 - INFO - [2025-04-18 22:24:59] Prediction: UP | Confidence: 0.52
2025-04-18 23:24:59,281 - INFO - Making live prediction...
2025-04-18 23:24:59,577 - INFO - [2025-04-18 22:24:59] Prediction: UP | Confidence: 0.52
2025-04-18 23:24:59,579 - INFO - Making live prediction...
2025-04-18 23:24:59,878 - INFO - [2025-04-18 22:24:59] Prediction: UP | Confidence: 0.66
2025-04-18 23:24:59,879 - INFO - Making live prediction...
2025-04-18 23:25:00,461 - INFO - [2025-04-18 22:25:00] Prediction: UP | Confidence: 0.66
2025-04-18 23:25:00,467 - INFO - Making live prediction...
2025-04-18 23:25:00,896 - INFO - [2025-04-18 22:25:00] Prediction: UP | Confidence: 0.66
2025-04-18 23:25:00,900 - INFO - Making live prediction...
2025-04-18 23:25:01,433 - INFO - [2025-04-18 22:25:01] Prediction: UP | Confidence: 0.66
2025-04-18 23:25:01,437 - INFO - Making live prediction...
2025-04-18 23:25:01,837 - INFO - [2025-04-18 22:25:01] Prediction: UP | Confidence: 0.66
2025-04-18 23:25:01,841 - INFO - Making live prediction...
2025-04-18 23:25:02,517 - INFO - [2025-04-18 22:25:02] Prediction: UP | Confidence: 0.66
2025-04-18 23:25:02,522 - INFO - Making live prediction...
2025-04-18 23:25:03,023 - INFO - [2025-04-18 22:25:03] Prediction: UP | Confidence: 0.66
2025-04-18 23:25:03,028 - INFO - Making live prediction...
2025-04-18 23:25:03,493 - INFO - [2025-04-18 22:25:03] Prediction: UP | Confidence: 0.66
2025-04-18 23:25:03,498 - INFO - Making live prediction...
2025-04-18 23:25:04,117 - INFO - [2025-04-18 22:25:04] Prediction: UP | Confidence: 0.66
2025-04-18 23:25:04,123 - INFO - Making live prediction...
2025-04-18 23:25:04,822 - INFO - [2025-04-18 22:25:04] Prediction: UP | Confidence: 0.66
2025-04-18 23:25:04,828 - INFO - Making live prediction...
2025-04-18 23:25:05,298 - INFO - [2025-04-18 22:25:05] Prediction: UP | Confidence: 0.66
2025-04-18 23:25:05,303 - INFO - Making live prediction...
2025-04-18 23:25:05,748 - INFO - [2025-04-18 22:25:05] Prediction: UP | Confidence: 0.66
2025-04-18 23:25:05,753 - INFO - Making live prediction...
2025-04-18 23:25:06,471 - INFO - [2025-04-18 22:25:06] Prediction: UP | Confidence: 0.66
2025-04-19 09:56:09,636 - INFO - Training model using data from 2025-04-12 08:46:09.636495 to 2025-04-19 08:46:09.636495
2025-04-19 09:56:21,940 - INFO - Best model parameters: {'class_weight': 'balanced', 'max_depth': 5, 'min_samples_split': 10, 'n_estimators': 50}
2025-04-19 09:56:22,643 - INFO - Training completed - Accuracy: 72.54%
2025-04-19 09:56:22,651 - INFO - Making live prediction...
2025-04-19 09:56:22,965 - INFO - [2025-04-19 08:56:22] Prediction: DOWN | Confidence: 0.58
2025-04-19 09:56:22,973 - INFO - Making live prediction...
2025-04-19 09:56:23,918 - INFO - [2025-04-19 08:56:23] Prediction: DOWN | Confidence: 0.58
2025-04-19 09:56:23,927 - INFO - Making live prediction...
2025-04-19 09:56:24,235 - INFO - [2025-04-19 08:56:24] Prediction: DOWN | Confidence: 0.58
2025-04-19 09:56:24,242 - INFO - Making live prediction...
2025-04-19 09:56:24,547 - INFO - [2025-04-19 08:56:24] Prediction: DOWN | Confidence: 0.58
2025-04-19 09:56:24,554 - INFO - Making live prediction...
2025-04-19 09:56:24,863 - INFO - [2025-04-19 08:56:24] Prediction: DOWN | Confidence: 0.58
2025-04-19 09:56:24,872 - INFO - Making live prediction...
2025-04-19 09:56:25,808 - INFO - [2025-04-19 08:56:25] Prediction: DOWN | Confidence: 0.58
2025-04-19 09:56:25,815 - INFO - Making live prediction...
2025-04-19 09:56:26,125 - INFO - [2025-04-19 08:56:26] Prediction: DOWN | Confidence: 0.58
2025-04-19 09:56:26,134 - INFO - Making live prediction...
2025-04-19 09:56:26,647 - INFO - [2025-04-19 08:56:26] Prediction: DOWN | Confidence: 0.58
2025-04-19 09:56:26,654 - INFO - Making live prediction...
2025-04-19 09:56:27,165 - INFO - [2025-04-19 08:56:27] Prediction: DOWN | Confidence: 0.58
2025-04-19 09:56:27,171 - INFO - Making live prediction...
2025-04-19 09:56:27,475 - INFO - [2025-04-19 08:56:27] Prediction: DOWN | Confidence: 0.58
2025-04-19 09:56:27,483 - INFO - Making live prediction...
2025-04-19 09:56:27,789 - INFO - [2025-04-19 08:56:27] Prediction: DOWN | Confidence: 0.58
2025-04-19 09:56:27,797 - INFO - Making live prediction...
2025-04-19 09:56:28,103 - INFO - [2025-04-19 08:56:28] Prediction: DOWN | Confidence: 0.58
2025-04-19 09:56:28,110 - INFO - Making live prediction...
2025-04-19 09:56:28,628 - INFO - [2025-04-19 08:56:28] Prediction: DOWN | Confidence: 0.58
2025-04-19 09:56:28,634 - INFO - Making live prediction...
2025-04-19 09:56:28,945 - INFO - [2025-04-19 08:56:28] Prediction: DOWN | Confidence: 0.58
2025-04-19 09:56:28,954 - INFO - Making live prediction...
2025-04-19 09:56:29,255 - INFO - [2025-04-19 08:56:29] Prediction: DOWN | Confidence: 0.58
2025-04-19 09:56:29,259 - INFO - Making live prediction...
2025-04-19 09:56:29,553 - INFO - [2025-04-19 08:56:29] Prediction: DOWN | Confidence: 0.58
2025-04-19 09:56:29,558 - INFO - Making live prediction...
2025-04-19 09:56:29,853 - INFO - [2025-04-19 08:56:29] Prediction: DOWN | Confidence: 0.58
2025-04-19 09:56:29,861 - INFO - Making live prediction...
2025-04-19 09:56:30,167 - INFO - [2025-04-19 08:56:30] Prediction: DOWN | Confidence: 0.58
2025-04-19 09:56:30,175 - INFO - Making live prediction...
2025-04-19 09:56:30,476 - INFO - [2025-04-19 08:56:30] Prediction: DOWN | Confidence: 0.58
2025-04-19 09:56:30,483 - INFO - Making live prediction...
2025-04-19 09:56:30,788 - INFO - [2025-04-19 08:56:30] Prediction: DOWN | Confidence: 0.58
2025-04-19 10:14:40,320 - INFO - Fetched 100 rows of data for BTCUSDT at interval 5m
2025-04-19 10:15:26,031 - INFO - Fetched 100 rows of data for BTCUSDT at interval 5m
2025-04-19 10:15:26,172 - INFO - Training model using data from 2025-04-12 09:05:26.172870 to 2025-04-19 09:05:26.172870
2025-04-19 10:15:39,063 - INFO - Best model parameters: {'class_weight': 'balanced', 'max_depth': 10, 'min_samples_split': 20, 'n_estimators': 50}
2025-04-19 10:15:40,167 - INFO - Training completed - Accuracy: 91.39%
2025-04-19 10:15:40,170 - INFO - Making live prediction...
2025-04-19 10:15:40,491 - INFO - [2025-04-19 09:15:40] Prediction: DOWN | Confidence: 0.71
2025-04-19 10:19:42,122 - INFO - Fetched 100 rows of data for BTCUSDT at interval 5m
2025-04-19 10:20:41,203 - INFO - Fetched 100 rows of data for BTCUSDT at interval 5m
2025-04-19 10:45:28,078 - INFO - Fetched 100 rows of data for BTCUSDT at interval 5m
2025-04-19 10:45:29,218 - INFO - Fetched 100 rows of data for BTCUSDT at interval 5m
2025-04-19 10:45:43,273 - INFO - Fetched 100 rows of data for BTCUSDT at interval 5m
2025-04-19 10:45:43,329 - INFO - Training model using data from 2025-04-12 09:35:43.329778 to 2025-04-19 09:35:43.329778
2025-04-19 10:45:55,131 - INFO - Best model parameters: {'class_weight': 'balanced', 'max_depth': 5, 'min_samples_split': 10, 'n_estimators': 100}
2025-04-19 10:45:55,975 - INFO - Training completed - Accuracy: 73.08%
2025-04-19 10:45:55,976 - INFO - Making live prediction...
2025-04-19 10:45:56,283 - INFO - [2025-04-19 09:45:56] Prediction: DOWN | Confidence: 0.55
2025-04-19 10:50:29,244 - INFO - Fetched 100 rows of data for BTCUSDT at interval 5m
2025-04-19 10:50:56,685 - INFO - Fetched 100 rows of data for BTCUSDT at interval 5m
2025-04-19 10:56:51,063 - INFO - Fetched 100 rows of data for BTCUSDT at interval 5m
2025-04-19 10:56:51,498 - INFO - Fetched 100 rows of data for BTCUSDT at interval 5m
2025-04-19 11:01:46,674 - INFO - Fetched 100 rows of data for BTCUSDT at interval 5m
2025-04-19 11:01:47,698 - INFO - Fetched 100 rows of data for BTCUSDT at interval 5m
2025-04-19 11:01:56,608 - INFO - Fetched 100 rows of data for BTCUSDT at interval 5m
2025-04-19 11:01:56,694 - INFO - Training model using data from 2025-04-12 09:51:56.694735 to 2025-04-19 09:51:56.694735
2025-04-19 11:02:06,821 - INFO - Best model parameters: {'class_weight': 'balanced', 'max_depth': 10, 'min_samples_split': 10, 'n_estimators': 50}
2025-04-19 11:02:07,203 - INFO - Training completed - Accuracy: 93.78%
2025-04-19 11:02:07,204 - INFO - Making live prediction...
2025-04-19 11:02:07,474 - INFO - [2025-04-19 10:02:07] Prediction: DOWN | Confidence: 0.78
2025-04-19 11:06:47,709 - INFO - Fetched 100 rows of data for BTCUSDT at interval 5m
2025-04-19 11:07:07,823 - INFO - Fetched 100 rows of data for BTCUSDT at interval 5m
2025-04-19 11:23:27,765 - INFO - Fetched 100 rows of data for BTCUSDT at interval 5m
2025-04-19 11:23:29,266 - INFO - Fetched 100 rows of data for BTCUSDT at interval 5m
2025-04-19 11:23:36,615 - INFO - Fetched 100 rows of data for BTCUSDT at interval 5m
2025-04-19 11:23:36,690 - INFO - Training model using data from 2025-04-12 10:13:36.690181 to 2025-04-19 10:13:36.690181
2025-04-19 11:23:46,221 - INFO - Best model parameters: {'class_weight': 'balanced', 'max_depth': 5, 'min_samples_split': 20, 'n_estimators': 50}
2025-04-19 11:23:46,490 - INFO - Training completed - Accuracy: 71.29%
2025-04-19 11:23:46,491 - INFO - Making live prediction...
2025-04-19 11:23:46,788 - INFO - [2025-04-19 10:23:46] Prediction: DOWN | Confidence: 0.66
2025-04-19 11:28:29,102 - INFO - Fetched 100 rows of data for BTCUSDT at interval 5m
2025-04-19 11:28:47,221 - INFO - Fetched 100 rows of data for BTCUSDT at interval 5m
2025-04-19 11:40:31,681 - INFO - Fetched 100 rows of data for BTCUSDT at interval 5m
2025-04-19 11:40:33,067 - INFO - Fetched 100 rows of data for BTCUSDT at interval 5m
2025-04-19 11:40:37,910 - INFO - Fetched 100 rows of data for BTCUSDT at interval 5m
2025-04-19 11:40:37,993 - INFO - Training model using data from 2025-04-12 10:30:37.993135 to 2025-04-19 10:30:37.993135
2025-04-19 11:40:47,893 - INFO - Best model parameters: {'class_weight': 'balanced', 'max_depth': 5, 'min_samples_split': 10, 'n_estimators': 50}
2025-04-19 11:40:48,232 - INFO - Training completed - Accuracy: 72.44%
2025-04-19 11:40:48,235 - INFO - Making live prediction...
2025-04-19 11:40:48,748 - INFO - [2025-04-19 10:40:48] Prediction: DOWN | Confidence: 0.55
2025-04-19 11:45:33,234 - INFO - Fetched 100 rows of data for BTCUSDT at interval 5m
2025-04-19 11:46:08,820 - INFO - Fetched 100 rows of data for BTCUSDT at interval 5m
2025-04-19 11:50:33,552 - INFO - Fetched 100 rows of data for BTCUSDT at interval 5m
2025-04-19 11:51:09,646 - INFO - Fetched 100 rows of data for BTCUSDT at interval 5m
2025-04-19 18:09:33,864 - INFO - Fetched 100 rows of data for BTCUSDT at interval 5m
2025-04-19 18:09:36,940 - INFO - Fetched 100 rows of data for BTCUSDT at interval 5m
2025-04-19 18:12:26,268 - INFO - Fetched 100 rows of data for BTCUSDT at interval 5m
2025-04-19 18:12:28,326 - INFO - Fetched 100 rows of data for BTCUSDT at interval 5m
2025-04-19 18:16:30,303 - INFO - Fetched 100 rows of data for BTCUSDT at interval 5m
2025-04-19 18:23:14,410 - INFO - Fetched 100 rows of data for BTCUSDT at interval 5m
2025-04-19 18:23:16,319 - INFO - Fetched 100 rows of data for BTCUSDT at interval 5m
2025-04-19 18:45:03,586 - INFO - Fetched 100 rows of data for BTCUSDT at interval 5m
2025-04-19 18:49:31,998 - INFO - Fetched 100 rows of data for BTCUSDT at interval 5m
2025-04-19 18:49:34,018 - INFO - Fetched 100 rows of data for BTCUSDT at interval 5m
2025-04-19 18:50:41,808 - INFO - Fetched 100 rows of data for BTCUSDT at interval 5m
2025-04-19 18:50:43,739 - INFO - Fetched 100 rows of data for BTCUSDT at interval 5m
2025-04-19 18:52:56,055 - INFO - Fetched 100 rows of data for BTCUSDT at interval 5m
2025-04-19 18:52:56,202 - INFO - Training model using data from 2025-04-12 17:42:56.201961 to 2025-04-19 17:42:56.201961
2025-04-19 18:53:08,758 - INFO - Best model parameters: {'class_weight': 'balanced', 'max_depth': 5, 'min_samples_split': 20, 'n_estimators': 100}
2025-04-19 18:53:10,005 - INFO - Training completed - Accuracy: 70.90%
2025-04-19 18:53:10,008 - INFO - Making live prediction...
2025-04-19 18:53:10,326 - INFO - [2025-04-19 17:53:10] Prediction: DOWN | Confidence: 0.53
2025-04-19 18:55:43,726 - INFO - Fetched 100 rows of data for BTCUSDT at interval 5m
2025-04-19 18:58:10,816 - INFO - Fetched 100 rows of data for BTCUSDT at interval 5m
2025-04-19 19:00:44,400 - INFO - Fetched 100 rows of data for BTCUSDT at interval 5m
2025-04-19 19:03:40,159 - INFO - Fetched 100 rows of data for BTCUSDT at interval 5m
2025-04-19 19:03:41,967 - INFO - Fetched 100 rows of data for BTCUSDT at interval 5m
2025-04-19 19:03:51,560 - INFO - Fetched 100 rows of data for BTCUSDT at interval 5m
2025-04-19 19:03:51,678 - INFO - Training model using data from 2025-04-12 17:53:51.678256 to 2025-04-19 17:53:51.678256
2025-04-19 19:04:03,199 - INFO - Best model parameters: {'class_weight': 'balanced', 'max_depth': 5, 'min_samples_split': 20, 'n_estimators': 100}
2025-04-19 19:04:04,709 - INFO - Training completed - Accuracy: 70.45%
2025-04-19 19:04:04,713 - INFO - Making live prediction...
2025-04-19 19:04:05,241 - INFO - [2025-04-19 18:04:05] Prediction: DOWN | Confidence: 0.51
2025-04-19 19:08:42,012 - INFO - Fetched 100 rows of data for BTCUSDT at interval 5m
2025-04-19 19:09:05,687 - INFO - Fetched 100 rows of data for BTCUSDT at interval 5m
2025-04-19 19:09:11,172 - INFO - Fetched 100 rows of data for BTCUSDT at interval 5m
2025-04-19 19:09:11,533 - INFO - Fetched 100 rows of data for BTCUSDT at interval 5m
2025-04-19 19:15:38,964 - INFO - Fetched 100 rows of data for BTCUSDT at interval 5m
2025-04-19 19:15:41,379 - INFO - Fetched 100 rows of data for BTCUSDT at interval 5m
2025-04-19 19:15:50,723 - INFO - Fetched 100 rows of data for BTCUSDT at interval 5m
2025-04-19 19:15:50,841 - INFO - Training model using data from 2025-04-12 18:05:50.841581 to 2025-04-19 18:05:50.841581
2025-04-19 19:16:01,594 - INFO - Best model parameters: {'class_weight': 'balanced', 'max_depth': 10, 'min_samples_split': 20, 'n_estimators': 50}
2025-04-19 19:16:02,557 - INFO - Training completed - Accuracy: 90.00%
2025-04-19 19:16:02,561 - INFO - Making live prediction...
2025-04-19 19:16:02,859 - INFO - [2025-04-19 18:16:02] Prediction: DOWN | Confidence: 0.58
2025-04-19 19:21:06,662 - INFO - Fetched 100 rows of data for BTCUSDT at interval 5m
2025-04-19 19:21:07,096 - INFO - Fetched 100 rows of data for BTCUSDT at interval 5m
2025-04-19 19:26:10,783 - INFO - Fetched 100 rows of data for BTCUSDT at interval 5m
2025-04-19 19:26:11,189 - INFO - Fetched 100 rows of data for BTCUSDT at interval 5m
2025-04-19 19:32:24,138 - INFO - Fetched 100 rows of data for BTCUSDT at interval 5m
2025-04-19 19:32:25,661 - INFO - Fetched 100 rows of data for BTCUSDT at interval 5m
2025-04-19 19:32:41,101 - INFO - Fetched 100 rows of data for BTCUSDT at interval 5m
2025-04-19 19:32:41,217 - INFO - Training model using data from 2025-04-12 18:22:41.217426 to 2025-04-19 18:22:41.217426
2025-04-19 19:32:52,457 - INFO - Best model parameters: {'class_weight': 'balanced', 'max_depth': 5, 'min_samples_split': 10, 'n_estimators': 50}
2025-04-19 19:32:53,096 - INFO - Training completed - Accuracy: 72.99%
2025-04-19 19:32:53,099 - INFO - Making live prediction...
2025-04-19 19:32:53,397 - INFO - [2025-04-19 18:32:53] Prediction: DOWN | Confidence: 0.52
2025-04-19 19:37:59,399 - INFO - Fetched 100 rows of data for BTCUSDT at interval 5m
2025-04-19 19:37:59,768 - INFO - Fetched 100 rows of data for BTCUSDT at interval 5m
2025-04-19 19:43:14,183 - INFO - Fetched 100 rows of data for BTCUSDT at interval 5m
2025-04-19 19:43:16,317 - INFO - Fetched 100 rows of data for BTCUSDT at interval 5m
2025-04-19 19:44:04,431 - INFO - Fetched 100 rows of data for BTCUSDT at interval 5m
2025-04-19 19:44:04,846 - INFO - Fetched 100 rows of data for BTCUSDT at interval 5m
2025-04-19 19:44:14,434 - INFO - Fetched 100 rows of data for BTCUSDT at interval 5m
2025-04-19 19:44:14,559 - INFO - Training model using data from 2025-04-12 18:34:14.559429 to 2025-04-19 18:34:14.559429
2025-04-19 19:44:25,212 - INFO - Best model parameters: {'class_weight': 'balanced', 'max_depth': 5, 'min_samples_split': 20, 'n_estimators': 100}
2025-04-19 19:44:26,515 - INFO - Training completed - Accuracy: 72.29%
2025-04-19 19:44:26,518 - INFO - Making live prediction...
2025-04-19 19:44:26,845 - INFO - [2025-04-19 18:44:26] Prediction: UP | Confidence: 0.51
2025-04-19 19:50:09,517 - INFO - Fetched 100 rows of data for BTCUSDT at interval 5m
2025-04-19 19:50:09,521 - INFO - Fetched 100 rows of data for BTCUSDT at interval 5m
2025-04-19 19:50:11,911 - INFO - Fetched 100 rows of data for BTCUSDT at interval 5m
2025-04-19 19:50:11,943 - INFO - Fetched 100 rows of data for BTCUSDT at interval 5m
2025-04-19 19:50:17,732 - INFO - Fetched 100 rows of data for BTCUSDT at interval 5m
2025-04-19 19:50:17,817 - INFO - Training model using data from 2025-04-12 18:40:17.817191 to 2025-04-19 18:40:17.817191
2025-04-19 19:50:28,415 - INFO - Best model parameters: {'class_weight': 'balanced', 'max_depth': 5, 'min_samples_split': 10, 'n_estimators': 100}
2025-04-19 19:50:29,788 - INFO - Training completed - Accuracy: 73.58%
2025-04-19 19:50:29,793 - INFO - Making live prediction...
2025-04-19 19:50:30,156 - INFO - [2025-04-19 18:50:30] Prediction: DOWN | Confidence: 0.51
2025-04-19 19:50:30,160 - INFO - Making live prediction...
2025-04-19 19:50:30,474 - INFO - [2025-04-19 18:50:30] Prediction: DOWN | Confidence: 0.51
2025-04-19 19:50:30,479 - INFO - Making live prediction...
2025-04-19 19:50:30,801 - INFO - [2025-04-19 18:50:30] Prediction: DOWN | Confidence: 0.51
2025-04-19 19:50:30,805 - INFO - Making live prediction...
2025-04-19 19:50:31,137 - INFO - [2025-04-19 18:50:31] Prediction: DOWN | Confidence: 0.51
2025-04-19 19:50:31,142 - INFO - Making live prediction...
2025-04-19 19:50:31,457 - INFO - [2025-04-19 18:50:31] Prediction: DOWN | Confidence: 0.51
2025-04-19 19:50:31,462 - INFO - Making live prediction...
2025-04-19 19:50:31,770 - INFO - [2025-04-19 18:50:31] Prediction: DOWN | Confidence: 0.51
2025-04-19 19:50:31,774 - INFO - Making live prediction...
2025-04-19 19:50:32,094 - INFO - [2025-04-19 18:50:32] Prediction: DOWN | Confidence: 0.51
2025-04-19 19:50:32,100 - INFO - Making live prediction...
2025-04-19 19:50:32,408 - INFO - [2025-04-19 18:50:32] Prediction: DOWN | Confidence: 0.51
2025-04-19 19:50:32,412 - INFO - Making live prediction...
2025-04-19 19:50:32,725 - INFO - [2025-04-19 18:50:32] Prediction: DOWN | Confidence: 0.51
2025-04-19 19:50:32,730 - INFO - Making live prediction...
2025-04-19 19:50:33,047 - INFO - [2025-04-19 18:50:33] Prediction: DOWN | Confidence: 0.51
2025-04-19 19:50:33,051 - INFO - Making live prediction...
2025-04-19 19:50:33,359 - INFO - [2025-04-19 18:50:33] Prediction: DOWN | Confidence: 0.51
2025-04-19 19:50:33,363 - INFO - Making live prediction...
2025-04-19 19:50:33,687 - INFO - [2025-04-19 18:50:33] Prediction: DOWN | Confidence: 0.51
2025-04-19 19:50:33,690 - INFO - Making live prediction...
2025-04-19 19:50:33,998 - INFO - [2025-04-19 18:50:33] Prediction: DOWN | Confidence: 0.51
2025-04-19 19:50:34,002 - INFO - Making live prediction...
2025-04-19 19:50:34,413 - INFO - [2025-04-19 18:50:34] Prediction: DOWN | Confidence: 0.51
2025-04-19 19:50:34,416 - INFO - Making live prediction...
2025-04-19 19:50:34,750 - INFO - [2025-04-19 18:50:34] Prediction: DOWN | Confidence: 0.51
2025-04-19 19:50:34,753 - INFO - Making live prediction...
2025-04-19 19:50:35,071 - INFO - [2025-04-19 18:50:35] Prediction: DOWN | Confidence: 0.51
2025-04-19 19:50:35,076 - INFO - Making live prediction...
2025-04-19 19:50:35,381 - INFO - [2025-04-19 18:50:35] Prediction: DOWN | Confidence: 0.51
2025-04-19 19:50:35,385 - INFO - Making live prediction...
2025-04-19 19:50:35,693 - INFO - [2025-04-19 18:50:35] Prediction: DOWN | Confidence: 0.51
2025-04-19 19:50:35,697 - INFO - Making live prediction...
2025-04-19 19:50:35,995 - INFO - [2025-04-19 18:50:35] Prediction: DOWN | Confidence: 0.51
2025-04-19 19:50:35,999 - INFO - Making live prediction...
2025-04-19 19:50:36,309 - INFO - [2025-04-19 18:50:36] Prediction: DOWN | Confidence: 0.51
2025-04-19 19:50:36,481 - INFO - Training model using data from 2025-04-12 18:40:36.481718 to 2025-04-19 18:40:36.481718
2025-04-19 19:50:46,641 - INFO - Best model parameters: {'class_weight': 'balanced', 'max_depth': 5, 'min_samples_split': 10, 'n_estimators': 100}
2025-04-19 19:50:47,966 - INFO - Training completed - Accuracy: 71.04%
2025-04-19 19:50:47,970 - INFO - Making live prediction...
2025-04-19 19:50:48,290 - INFO - [2025-04-19 18:50:48] Prediction: DOWN | Confidence: 0.52
2025-04-19 19:55:20,690 - INFO - Fetched 100 rows of data for BTCUSDT at interval 5m
2025-04-19 19:55:21,399 - INFO - Fetched 100 rows of data for BTCUSDT at interval 5m
2025-04-19 19:55:53,405 - INFO - Fetched 100 rows of data for BTCUSDT at interval 5m
2025-04-19 19:55:53,835 - INFO - Fetched 100 rows of data for BTCUSDT at interval 5m
2025-04-19 20:00:27,458 - INFO - Fetched 100 rows of data for BTCUSDT at interval 5m
2025-04-19 20:00:27,961 - INFO - Fetched 100 rows of data for BTCUSDT at interval 5m
2025-04-19 20:01:00,431 - INFO - Fetched 100 rows of data for BTCUSDT at interval 5m
2025-04-19 20:01:00,909 - INFO - Fetched 100 rows of data for BTCUSDT at interval 5m
2025-04-19 20:05:35,435 - INFO - Fetched 100 rows of data for BTCUSDT at interval 5m
2025-04-19 20:05:35,965 - INFO - Fetched 100 rows of data for BTCUSDT at interval 5m
2025-04-19 20:06:08,485 - INFO - Fetched 100 rows of data for BTCUSDT at interval 5m
2025-04-19 20:06:09,048 - INFO - Fetched 100 rows of data for BTCUSDT at interval 5m
2025-04-19 20:10:43,528 - INFO - Fetched 100 rows of data for BTCUSDT at interval 5m
2025-04-19 20:10:44,034 - INFO - Fetched 100 rows of data for BTCUSDT at interval 5m
2025-04-19 20:11:16,433 - INFO - Fetched 100 rows of data for BTCUSDT at interval 5m
2025-04-19 20:11:16,942 - INFO - Fetched 100 rows of data for BTCUSDT at interval 5m
2025-04-19 20:15:52,422 - INFO - Fetched 100 rows of data for BTCUSDT at interval 5m
2025-04-19 20:15:52,935 - INFO - Fetched 100 rows of data for BTCUSDT at interval 5m
2025-04-19 20:16:24,616 - INFO - Fetched 100 rows of data for BTCUSDT at interval 5m
2025-04-19 20:16:25,297 - INFO - Fetched 100 rows of data for BTCUSDT at interval 5m
2025-04-19 21:04:01,927 - ERROR - Task exception was never retrieved
future: <Task finished name='Task-27390' coro=<WebSocketProtocol13.write_message.<locals>.wrapper() done, defined at C:\Users\osric\AppData\Local\Programs\Python\Python313\Lib\site-packages\tornado\websocket.py:1086> exception=WebSocketClosedError()>
Traceback (most recent call last):
  File "C:\Users\osric\AppData\Local\Programs\Python\Python313\Lib\site-packages\streamlit\web\bootstrap.py", line 347, in run
    if asyncio.get_running_loop().is_running():
       ~~~~~~~~~~~~~~~~~~~~~~~~^^
RuntimeError: no running event loop

During handling of the above exception, another exception occurred:

Traceback (most recent call last):
  File "C:\Users\osric\AppData\Local\Programs\Python\Python313\Lib\site-packages\tornado\websocket.py", line 1088, in wrapper
    await fut
tornado.iostream.StreamClosedError: Stream is closed

During handling of the above exception, another exception occurred:

Traceback (most recent call last):
  File "C:\Users\osric\AppData\Local\Programs\Python\Python313\Lib\site-packages\tornado\websocket.py", line 1090, in wrapper
    raise WebSocketClosedError()
tornado.websocket.WebSocketClosedError
2025-04-19 21:10:20,795 - INFO - Fetched 100 rows of data for BTCUSDT at interval 5m
2025-04-19 21:10:21,322 - INFO - Fetched 100 rows of data for BTCUSDT at interval 5m
2025-04-19 21:10:31,516 - INFO - Fetched 100 rows of data for BTCUSDT at interval 5m
2025-04-19 21:10:31,953 - INFO - Fetched 100 rows of data for BTCUSDT at interval 5m
2025-04-19 21:10:35,008 - INFO - Fetched 100 rows of data for BTCUSDT at interval 5m
2025-04-19 21:10:35,482 - INFO - Fetched 100 rows of data for BTCUSDT at interval 5m
2025-04-19 21:13:50,350 - INFO - Fetched 100 rows of data for BTCUSDT at interval 5m
2025-04-19 21:13:52,262 - INFO - Fetched 100 rows of data for BTCUSDT at interval 5m
2025-04-19 21:15:03,436 - INFO - Fetched 100 rows of data for BTCUSDT at interval 5m
2025-04-19 21:15:03,493 - INFO - Training model using data from 2025-04-12 20:05:03.493630 to 2025-04-19 20:05:03.493630
2025-04-19 21:15:17,402 - INFO - Best model parameters: {'class_weight': 'balanced', 'max_depth': 10, 'min_samples_split': 20, 'n_estimators': 50}
2025-04-19 21:15:18,636 - INFO - Training completed - Accuracy: 89.30%
2025-04-19 21:15:18,640 - INFO - Making live prediction...
2025-04-19 21:15:19,161 - INFO - [2025-04-19 20:15:19] Prediction: DOWN | Confidence: 0.72
2025-04-19 21:15:19,165 - INFO - Making live prediction...
2025-04-19 21:15:19,692 - INFO - [2025-04-19 20:15:19] Prediction: DOWN | Confidence: 0.72
2025-04-19 21:15:19,695 - INFO - Making live prediction...
2025-04-19 21:15:20,220 - INFO - [2025-04-19 20:15:20] Prediction: DOWN | Confidence: 0.72
2025-04-19 21:15:20,224 - INFO - Making live prediction...
2025-04-19 21:15:20,815 - INFO - [2025-04-19 20:15:20] Prediction: DOWN | Confidence: 0.72
2025-04-19 21:15:20,819 - INFO - Making live prediction...
2025-04-19 21:15:21,269 - INFO - [2025-04-19 20:15:21] Prediction: DOWN | Confidence: 0.72
2025-04-19 21:15:21,273 - INFO - Making live prediction...
2025-04-19 21:15:21,795 - INFO - [2025-04-19 20:15:21] Prediction: DOWN | Confidence: 0.72
2025-04-19 21:15:21,801 - INFO - Making live prediction...
2025-04-19 21:15:22,330 - INFO - [2025-04-19 20:15:22] Prediction: DOWN | Confidence: 0.72
2025-04-19 21:15:22,335 - INFO - Making live prediction...
2025-04-19 21:15:22,665 - INFO - [2025-04-19 20:15:22] Prediction: DOWN | Confidence: 0.72
2025-04-19 21:15:22,669 - INFO - Making live prediction...
2025-04-19 21:15:22,980 - INFO - [2025-04-19 20:15:22] Prediction: DOWN | Confidence: 0.72
2025-04-19 21:15:22,984 - INFO - Making live prediction...
2025-04-19 21:15:23,293 - INFO - [2025-04-19 20:15:23] Prediction: DOWN | Confidence: 0.72
2025-04-19 21:15:23,297 - INFO - Making live prediction...
2025-04-19 21:15:23,825 - INFO - [2025-04-19 20:15:23] Prediction: DOWN | Confidence: 0.72
2025-04-19 21:15:23,829 - INFO - Making live prediction...
2025-04-19 21:15:24,130 - INFO - [2025-04-19 20:15:24] Prediction: DOWN | Confidence: 0.72
2025-04-19 21:15:24,134 - INFO - Making live prediction...
2025-04-19 21:15:24,438 - INFO - [2025-04-19 20:15:24] Prediction: DOWN | Confidence: 0.72
2025-04-19 21:15:24,442 - INFO - Making live prediction...
2025-04-19 21:15:24,749 - INFO - [2025-04-19 20:15:24] Prediction: DOWN | Confidence: 0.72
2025-04-19 21:15:24,753 - INFO - Making live prediction...
2025-04-19 21:15:25,049 - INFO - [2025-04-19 20:15:25] Prediction: DOWN | Confidence: 0.72
2025-04-19 21:15:25,053 - INFO - Making live prediction...
2025-04-19 21:15:25,340 - INFO - [2025-04-19 20:15:25] Prediction: DOWN | Confidence: 0.72
2025-04-19 21:15:25,344 - INFO - Making live prediction...
2025-04-19 21:15:25,643 - INFO - [2025-04-19 20:15:25] Prediction: DOWN | Confidence: 0.72
2025-04-19 21:15:25,646 - INFO - Making live prediction...
2025-04-19 21:15:25,939 - INFO - [2025-04-19 20:15:25] Prediction: DOWN | Confidence: 0.72
2025-04-19 21:15:25,941 - INFO - Making live prediction...
2025-04-19 21:15:26,233 - INFO - [2025-04-19 20:15:26] Prediction: DOWN | Confidence: 0.72
2025-04-19 21:15:26,237 - INFO - Making live prediction...
2025-04-19 21:15:26,531 - INFO - [2025-04-19 20:15:26] Prediction: DOWN | Confidence: 0.72
2025-04-19 21:15:26,703 - INFO - Training model using data from 2025-04-12 20:05:26.703897 to 2025-04-19 20:05:26.703897
2025-04-19 21:15:38,811 - INFO - Best model parameters: {'class_weight': 'balanced', 'max_depth': 5, 'min_samples_split': 10, 'n_estimators': 100}
2025-04-19 21:15:40,462 - INFO - Fetched 100 rows of data for BTCUSDT at interval 5m
2025-04-19 21:15:40,932 - INFO - Training completed - Accuracy: 72.94%
2025-04-19 21:15:40,936 - INFO - Making live prediction...
2025-04-19 21:15:41,178 - INFO - Fetched 100 rows of data for BTCUSDT at interval 5m
2025-04-19 21:15:41,733 - INFO - [2025-04-19 20:15:41] Prediction: DOWN | Confidence: 0.63
2025-04-19 21:15:46,400 - INFO - Fetched 100 rows of data for BTCUSDT at interval 5m
2025-04-19 21:15:46,442 - INFO - Fetched 100 rows of data for BTCUSDT at interval 5m
2025-04-19 21:15:47,147 - INFO - Fetched 100 rows of data for BTCUSDT at interval 5m
2025-04-19 21:15:56,286 - INFO - Fetched 100 rows of data for BTCUSDT at interval 5m
2025-04-20 10:06:17,013 - INFO - Fetched 100 rows of data for BTCUSDT at interval 5m
2025-04-20 10:06:31,621 - INFO - Fetched 100 rows of data for BTCUSDT at interval 5m
2025-04-20 10:06:31,672 - INFO - Training model using data from 2025-04-13 08:56:31.672407 to 2025-04-20 08:56:31.672407
2025-04-20 10:06:40,644 - INFO - Best model parameters: {'class_weight': 'balanced', 'max_depth': 5, 'min_samples_split': 20, 'n_estimators': 50}
2025-04-20 10:06:40,890 - INFO - Training completed - Accuracy: 71.04%
2025-04-20 10:06:40,891 - INFO - Making live prediction...
2025-04-20 10:06:41,174 - INFO - [2025-04-20 09:06:41] Prediction: DOWN | Confidence: 0.60
2025-04-20 10:06:41,220 - INFO - Training model using data from 2025-04-13 08:56:41.220254 to 2025-04-20 08:56:41.220254
2025-04-20 10:06:46,497 - INFO - Best model parameters: {'class_weight': 'balanced', 'max_depth': 5, 'min_samples_split': 20, 'n_estimators': 100}
2025-04-20 10:06:47,033 - INFO - Training completed - Accuracy: 72.14%
2025-04-20 10:06:47,035 - INFO - Making live prediction...
2025-04-20 10:06:47,322 - INFO - [2025-04-20 09:06:47] Prediction: DOWN | Confidence: 0.61
2025-04-20 10:06:47,386 - INFO - Training model using data from 2025-04-13 08:56:47.386947 to 2025-04-20 08:56:47.386947
2025-04-20 10:06:53,504 - INFO - Best model parameters: {'class_weight': 'balanced', 'max_depth': 10, 'min_samples_split': 20, 'n_estimators': 100}
2025-04-20 10:06:54,283 - INFO - Training completed - Accuracy: 91.44%
2025-04-20 10:06:54,285 - INFO - Making live prediction...
2025-04-20 10:06:54,567 - INFO - [2025-04-20 09:06:54] Prediction: DOWN | Confidence: 0.74
2025-04-20 10:06:54,677 - INFO - Training model using data from 2025-04-13 08:56:54.676985 to 2025-04-20 08:56:54.676985
2025-04-20 10:06:59,739 - INFO - Best model parameters: {'class_weight': 'balanced', 'max_depth': 5, 'min_samples_split': 20, 'n_estimators': 50}
2025-04-20 10:07:00,002 - INFO - Training completed - Accuracy: 73.43%
2025-04-20 10:07:00,004 - INFO - Making live prediction...
2025-04-20 10:07:00,283 - INFO - [2025-04-20 09:07:00] Prediction: DOWN | Confidence: 0.61
2025-04-20 10:07:00,353 - INFO - Training model using data from 2025-04-13 08:57:00.353154 to 2025-04-20 08:57:00.353154
2025-04-20 10:07:06,578 - INFO - Best model parameters: {'class_weight': 'balanced', 'max_depth': 10, 'min_samples_split': 20, 'n_estimators': 100}
2025-04-20 10:07:07,469 - INFO - Training completed - Accuracy: 91.54%
2025-04-20 10:07:07,470 - INFO - Making live prediction...
2025-04-20 10:07:07,749 - INFO - [2025-04-20 09:07:07] Prediction: DOWN | Confidence: 0.73
2025-04-20 10:07:07,805 - INFO - Training model using data from 2025-04-13 08:57:07.805715 to 2025-04-20 08:57:07.805715
2025-04-20 10:07:13,479 - INFO - Best model parameters: {'class_weight': 'balanced', 'max_depth': 5, 'min_samples_split': 20, 'n_estimators': 50}
2025-04-20 10:07:13,852 - INFO - Training completed - Accuracy: 71.49%
2025-04-20 10:07:13,853 - INFO - Making live prediction...
2025-04-20 10:07:14,113 - INFO - [2025-04-20 09:07:14] Prediction: DOWN | Confidence: 0.63
2025-04-20 10:07:14,166 - INFO - Training model using data from 2025-04-13 08:57:14.166687 to 2025-04-20 08:57:14.166687
2025-04-20 10:07:19,372 - INFO - Best model parameters: {'class_weight': 'balanced', 'max_depth': 5, 'min_samples_split': 10, 'n_estimators': 50}
2025-04-20 10:07:19,635 - INFO - Training completed - Accuracy: 73.58%
2025-04-20 10:07:19,637 - INFO - Making live prediction...
2025-04-20 10:07:19,923 - INFO - [2025-04-20 09:07:19] Prediction: DOWN | Confidence: 0.66
2025-04-20 10:07:19,968 - INFO - Training model using data from 2025-04-13 08:57:19.968499 to 2025-04-20 08:57:19.968499
2025-04-20 10:07:25,266 - INFO - Best model parameters: {'class_weight': 'balanced', 'max_depth': 5, 'min_samples_split': 20, 'n_estimators': 100}
2025-04-20 10:07:25,892 - INFO - Training completed - Accuracy: 72.39%
2025-04-20 10:07:25,894 - INFO - Making live prediction...
2025-04-20 10:07:26,168 - INFO - [2025-04-20 09:07:26] Prediction: DOWN | Confidence: 0.62
2025-04-20 10:07:26,239 - INFO - Training model using data from 2025-04-13 08:57:26.239612 to 2025-04-20 08:57:26.239612
2025-04-20 10:07:31,690 - INFO - Best model parameters: {'class_weight': 'balanced', 'max_depth': 5, 'min_samples_split': 20, 'n_estimators': 100}
2025-04-20 10:07:32,204 - INFO - Training completed - Accuracy: 72.54%
2025-04-20 10:07:32,205 - INFO - Making live prediction...
2025-04-20 10:07:32,495 - INFO - [2025-04-20 09:07:32] Prediction: DOWN | Confidence: 0.59
2025-04-20 10:07:32,545 - INFO - Training model using data from 2025-04-13 08:57:32.545798 to 2025-04-20 08:57:32.545798
2025-04-20 10:07:38,819 - INFO - Best model parameters: {'class_weight': 'balanced', 'max_depth': 5, 'min_samples_split': 20, 'n_estimators': 50}
2025-04-20 10:07:39,063 - INFO - Training completed - Accuracy: 71.34%
2025-04-20 10:07:39,064 - INFO - Making live prediction...
2025-04-20 10:07:39,543 - INFO - [2025-04-20 09:07:39] Prediction: DOWN | Confidence: 0.59
2025-04-20 10:07:39,614 - INFO - Training model using data from 2025-04-13 08:57:39.613966 to 2025-04-20 08:57:39.613966
2025-04-20 10:07:46,782 - INFO - Best model parameters: {'class_weight': 'balanced', 'max_depth': 10, 'min_samples_split': 20, 'n_estimators': 100}
2025-04-20 10:07:47,891 - INFO - Training completed - Accuracy: 92.39%
2025-04-20 10:13:55,293 - INFO - Fetched 100 rows of data for BTCUSDT at interval 5m
2025-04-20 10:14:21,660 - INFO - Training model using data from 2025-04-13 09:04:21.660283 to 2025-04-20 09:04:21.660283
2025-04-20 10:14:30,850 - INFO - Best model parameters: {'class_weight': 'balanced', 'max_depth': 10, 'min_samples_split': 10, 'n_estimators': 100}
2025-04-20 10:14:31,594 - INFO - Training completed - Accuracy: 95.67%
2025-04-20 10:14:31,595 - INFO - Making live prediction...
2025-04-20 10:14:31,868 - INFO - [2025-04-20 09:14:31] Prediction: DOWN | Confidence: 0.76
2025-04-20 10:14:31,923 - INFO - Training model using data from 2025-04-13 09:04:31.923276 to 2025-04-20 09:04:31.923276
2025-04-20 10:14:37,215 - INFO - Best model parameters: {'class_weight': 'balanced', 'max_depth': 5, 'min_samples_split': 20, 'n_estimators': 100}
2025-04-20 10:14:37,830 - INFO - Training completed - Accuracy: 72.94%
2025-04-20 10:14:37,830 - INFO - Making live prediction...
2025-04-20 10:14:38,101 - INFO - [2025-04-20 09:14:38] Prediction: DOWN | Confidence: 0.59
2025-04-20 10:14:38,157 - INFO - Training model using data from 2025-04-13 09:04:38.157730 to 2025-04-20 09:04:38.157730
2025-04-20 10:14:43,684 - INFO - Best model parameters: {'class_weight': 'balanced', 'max_depth': 5, 'min_samples_split': 10, 'n_estimators': 100}
2025-04-20 10:14:44,214 - INFO - Training completed - Accuracy: 72.54%
2025-04-20 10:14:44,215 - INFO - Making live prediction...
2025-04-20 10:14:44,494 - INFO - [2025-04-20 09:14:44] Prediction: DOWN | Confidence: 0.64
2025-04-20 10:14:44,541 - INFO - Training model using data from 2025-04-13 09:04:44.541699 to 2025-04-20 09:04:44.541699
2025-04-20 10:14:49,757 - INFO - Best model parameters: {'class_weight': 'balanced', 'max_depth': 10, 'min_samples_split': 10, 'n_estimators': 50}
2025-04-20 10:14:50,175 - INFO - Training completed - Accuracy: 93.98%
2025-04-20 10:14:50,176 - INFO - Making live prediction...
2025-04-20 10:14:50,458 - INFO - [2025-04-20 09:14:50] Prediction: DOWN | Confidence: 0.76
2025-04-20 10:14:50,504 - INFO - Training model using data from 2025-04-13 09:04:50.504901 to 2025-04-20 09:04:50.504901
2025-04-20 10:14:56,183 - INFO - Best model parameters: {'class_weight': 'balanced', 'max_depth': 10, 'min_samples_split': 20, 'n_estimators': 100}
2025-04-20 10:14:57,012 - INFO - Training completed - Accuracy: 91.84%
2025-04-20 10:14:57,013 - INFO - Making live prediction...
2025-04-20 10:14:57,284 - INFO - [2025-04-20 09:14:57] Prediction: DOWN | Confidence: 0.77
2025-04-20 10:14:57,336 - INFO - Training model using data from 2025-04-13 09:04:57.336268 to 2025-04-20 09:04:57.336268
2025-04-20 10:15:02,728 - INFO - Best model parameters: {'class_weight': 'balanced', 'max_depth': 5, 'min_samples_split': 10, 'n_estimators': 100}
2025-04-20 10:15:03,241 - INFO - Training completed - Accuracy: 72.54%
2025-04-20 10:15:03,242 - INFO - Making live prediction...
2025-04-20 10:15:03,535 - INFO - [2025-04-20 09:15:03] Prediction: DOWN | Confidence: 0.55
2025-04-20 10:15:03,579 - INFO - Training model using data from 2025-04-13 09:05:03.579422 to 2025-04-20 09:05:03.579422
2025-04-20 10:15:10,847 - INFO - Best model parameters: {'class_weight': 'balanced', 'max_depth': 5, 'min_samples_split': 10, 'n_estimators': 100}
2025-04-20 10:15:11,523 - INFO - Training completed - Accuracy: 72.24%
2025-04-20 10:15:11,524 - INFO - Making live prediction...
2025-04-20 10:15:11,791 - INFO - [2025-04-20 09:15:11] Prediction: DOWN | Confidence: 0.58
2025-04-20 10:15:11,834 - INFO - Training model using data from 2025-04-13 09:05:11.834427 to 2025-04-20 09:05:11.834427
2025-04-20 10:15:17,468 - INFO - Best model parameters: {'class_weight': 'balanced', 'max_depth': 5, 'min_samples_split': 10, 'n_estimators': 100}
2025-04-20 10:15:17,987 - INFO - Training completed - Accuracy: 73.63%
2025-04-20 10:15:17,988 - INFO - Making live prediction...
2025-04-20 10:15:18,249 - INFO - [2025-04-20 09:15:18] Prediction: DOWN | Confidence: 0.57
2025-04-20 10:15:18,284 - INFO - Training model using data from 2025-04-13 09:05:18.284785 to 2025-04-20 09:05:18.284785
2025-04-20 10:15:24,064 - INFO - Best model parameters: {'class_weight': 'balanced', 'max_depth': 10, 'min_samples_split': 20, 'n_estimators': 50}
2025-04-20 10:15:24,413 - INFO - Training completed - Accuracy: 91.19%
2025-04-20 10:15:24,413 - INFO - Making live prediction...
2025-04-20 10:15:24,670 - INFO - [2025-04-20 09:15:24] Prediction: DOWN | Confidence: 0.68
2025-04-20 10:15:24,709 - INFO - Training model using data from 2025-04-13 09:05:24.709321 to 2025-04-20 09:05:24.709321
2025-04-20 10:42:07,152 - INFO - Fetched 100 rows of data for BTCUSDT at interval 5m
2025-04-20 10:42:19,163 - INFO - Training model using data from 2025-04-13 09:32:19.162963 to 2025-04-20 09:32:19.162963
2025-04-20 10:42:28,420 - INFO - Best model parameters: {'class_weight': 'balanced', 'max_depth': 5, 'min_samples_split': 20, 'n_estimators': 100}
2025-04-20 10:42:28,927 - INFO - Training completed - Accuracy: 71.64%
2025-04-20 10:42:28,928 - INFO - Making live prediction...
2025-04-20 10:42:29,235 - INFO - [2025-04-20 09:42:29] Prediction: UP | Confidence: 0.55
2025-04-20 10:47:09,049 - INFO - Fetched 100 rows of data for BTCUSDT at interval 5m
2025-04-20 10:57:17,471 - INFO - Fetched 100 rows of data for BTCUSDT at interval 5m
2025-04-20 10:58:21,411 - INFO - Training model using data from 2025-04-13 09:48:21.411736 to 2025-04-20 09:48:21.411736
2025-04-20 10:58:30,014 - INFO - Best model parameters: {'class_weight': 'balanced', 'max_depth': 10, 'min_samples_split': 20, 'n_estimators': 50}
2025-04-20 10:58:30,526 - INFO - Training completed - Accuracy: 90.75%
2025-04-20 10:58:30,526 - INFO - Making live prediction...
2025-04-20 10:58:30,802 - INFO - [2025-04-20 09:58:30] Prediction: DOWN | Confidence: 0.69
2025-04-20 11:02:23,512 - INFO - Fetched 100 rows of data for BTCUSDT at interval 5m
2025-04-20 11:20:31,533 - INFO - Fetched 100 rows of data for BTCUSDT at interval 5m
2025-04-20 11:20:43,255 - INFO - Fetched 100 rows of data for BTCUSDT at interval 1h
2025-04-20 11:20:55,941 - INFO - Training model using data from 2025-04-13 10:10:55.941834 to 2025-04-20 10:10:55.941834
2025-04-20 11:21:05,285 - INFO - Best model parameters: {'class_weight': 'balanced', 'max_depth': 5, 'min_samples_split': 10, 'n_estimators': 100}
2025-04-20 11:21:05,460 - INFO - Training completed - Accuracy: 98.66%
2025-04-20 11:21:05,460 - INFO - Making live prediction...
2025-04-20 11:21:05,739 - INFO - [2025-04-20 10:21:05] Prediction: DOWN | Confidence: 0.61
2025-04-20 11:21:44,695 - INFO - Fetched 100 rows of data for BTCUSDT at interval 30m
2025-04-20 11:21:49,924 - INFO - Training model using data from 2025-04-13 10:11:49.924055 to 2025-04-20 10:11:49.924055
2025-04-20 11:21:54,051 - INFO - Best model parameters: {'class_weight': 'balanced', 'max_depth': 5, 'min_samples_split': 10, 'n_estimators': 100}
2025-04-20 11:21:54,170 - INFO - Training completed - Accuracy: 94.97%
2025-04-20 11:21:54,170 - INFO - Making live prediction...
2025-04-20 11:21:54,436 - INFO - [2025-04-20 10:21:54] Prediction: DOWN | Confidence: 0.80
2025-04-20 11:22:10,540 - INFO - Fetched 100 rows of data for BTCUSDT at interval 15m
2025-04-20 11:22:13,018 - INFO - Training model using data from 2025-04-13 10:12:13.018900 to 2025-04-20 10:12:13.018900
2025-04-20 11:22:16,218 - INFO - Best model parameters: {'class_weight': 'balanced', 'max_depth': 5, 'min_samples_split': 10, 'n_estimators': 50}
2025-04-20 11:22:16,308 - INFO - Training completed - Accuracy: 84.78%
2025-04-20 11:22:16,308 - INFO - Making live prediction...
2025-04-20 11:22:16,567 - INFO - [2025-04-20 10:22:16] Prediction: DOWN | Confidence: 0.51
2025-04-20 11:22:35,092 - INFO - Training model using data from 2025-04-13 10:12:35.092569 to 2025-04-20 10:12:35.092569
2025-04-20 11:22:41,004 - INFO - Best model parameters: {'class_weight': 'balanced', 'max_depth': 5, 'min_samples_split': 10, 'n_estimators': 50}
2025-04-20 11:22:41,202 - INFO - Training completed - Accuracy: 71.44%
2025-04-20 11:22:41,202 - INFO - Making live prediction...
2025-04-20 11:22:41,473 - INFO - [2025-04-20 10:22:41] Prediction: DOWN | Confidence: 0.50
2025-04-20 12:22:22,100 - INFO - Fetched 100 rows of data for BTCUSDT at interval 5m
2025-04-20 12:23:50,522 - INFO - Fetched 100 rows of data for BTCUSDT at interval 4h
2025-04-20 12:24:01,328 - INFO - Fetched 100 rows of data for BTCUSDT at interval 1d
2025-04-20 12:24:19,158 - INFO - Fetched 100 rows of data for ETHUSDT at interval 1d
